<?xml version="1.0" encoding="UTF-8"?>
<!-- Generated by org.testng.reporters.JUnitReportReporter -->
<testsuite hostname="hp021-HP-EliteBook-840-G1" name="ownerportal.ProjectPage" tests="1" failures="0" timestamp="4 Jul 2022 09:11:53 GMT" time="35.556" errors="0">
  <testcase name="createproject" time="35.556" classname="ownerportal.ProjectPage"/>
</testsuite>
