<?xml version="1.0" encoding="UTF-8"?>
<!-- Generated by org.testng.reporters.JUnitReportReporter -->
<testsuite hostname="hp021-HP-EliteBook-840-G1" name="clientbased.FirstTest" tests="1" failures="0" timestamp="30 Jun 2022 16:25:08 GMT" time="10.097" errors="0">
  <testcase name="test" time="10.097" classname="clientbased.FirstTest"/>
</testsuite>
